<?xml version="1.0" encoding="UTF-8"?>
<!-- Generated by org.testng.reporters.JUnitReportReporter -->
<testsuite hostname="LAPTOP-DO61B2MO" failures="0" tests="1" name="TestNG_NEW.Include_Exclude" time="0.006" errors="0" timestamp="2022-03-26T15:29:11 IST" skipped="0">
  <testcase classname="TestNG_NEW.Include_Exclude" name="TC1" time="0.006"/>
  <system-out>
    <![CDATA[TC1 IS RUNNING]]>
  </system-out>
</testsuite> <!-- TestNG_NEW.Include_Exclude -->
