<?xml version="1.0" encoding="UTF-8"?>
<!-- Generated by org.testng.reporters.JUnitReportReporter -->
<testsuite hostname="LAPTOP-DO61B2MO" failures="0" tests="1" name="TestNG.mult_browser" time="17.993" errors="0" timestamp="2022-04-02T16:22:30 IST" skipped="0">
  <testcase classname="TestNG.mult_browser" name="TCS" time="17.993"/>
  <system-out/>
</testsuite> <!-- TestNG.mult_browser -->
