<?xml version="1.0" encoding="UTF-8"?>
<!-- Generated by org.testng.reporters.JUnitReportReporter -->
<testsuite hostname="LAPTOP-DO61B2MO" failures="0" tests="3" name="TestNG.Emailable_Report_Annotations" time="0.003" errors="0" timestamp="2022-03-18T20:52:18 IST" skipped="0">
  <testcase classname="TestNG.Emailable_Report_Annotations" name="TC1" time="0.000"/>
  <system-out/>
  <testcase classname="TestNG.Emailable_Report_Annotations" name="TC3" time="0.001"/>
  <system-out>
    <![CDATA[Test 3 Running]]>
  </system-out>
  <testcase classname="TestNG.Emailable_Report_Annotations" name="TC2" time="0.002"/>
  <system-out>
    <![CDATA[Test 2 Running]]>
  </system-out>
</testsuite> <!-- TestNG.Emailable_Report_Annotations -->
