<?xml version="1.0" encoding="UTF-8"?>
<!-- Generated by org.testng.reporters.JUnitReportReporter -->
<testsuite hostname="LAPTOP-DO61B2MO" failures="0" tests="3" name="TestNG_NEW.Test1_Suit" time="0.007" errors="0" timestamp="2022-03-24T16:52:31 IST" skipped="0">
  <testcase classname="TestNG_NEW.Test1_Suit" name="TC2" time="0.000"/>
  <system-out>
    <![CDATA[TC2 RUNNING]]>
  </system-out>
  <testcase classname="TestNG_NEW.Test1_Suit" name="TC1" time="0.006"/>
  <system-out>
    <![CDATA[TC1 RUNNING]]>
  </system-out>
  <testcase classname="TestNG_NEW.Test1_Suit" name="TC3" time="0.001"/>
  <system-out>
    <![CDATA[TC3 RUNNING]]>
  </system-out>
</testsuite> <!-- TestNG_NEW.Test1_Suit -->
