<?xml version="1.0" encoding="UTF-8"?>
<!-- Generated by org.testng.reporters.JUnitReportReporter -->
<testsuite hostname="LAPTOP-DO61B2MO" failures="0" tests="5" name="TestNG.Keyword_Priority" time="0.004" errors="0" timestamp="2022-03-18T20:52:18 IST" skipped="0">
  <testcase classname="TestNG.Keyword_Priority" name="TC3" time="0.000"/>
  <system-out>
    <![CDATA[Test Case3 iS Running]]>
  </system-out>
  <testcase classname="TestNG.Keyword_Priority" name="TC5" time="0.001"/>
  <system-out>
    <![CDATA[Test Case5 iS Running]]>
  </system-out>
  <testcase classname="TestNG.Keyword_Priority" name="TC4" time="0.001"/>
  <system-out>
    <![CDATA[Test Case4 iS Running]]>
  </system-out>
  <testcase classname="TestNG.Keyword_Priority" name="TC2" time="0.001"/>
  <system-out>
    <![CDATA[Test Case2 iS Running]]>
  </system-out>
  <testcase classname="TestNG.Keyword_Priority" name="TC1" time="0.001"/>
  <system-out>
    <![CDATA[Test Case1 iS Running]]>
  </system-out>
</testsuite> <!-- TestNG.Keyword_Priority -->
