<?xml version="1.0" encoding="UTF-8"?>
<!-- Generated by org.testng.reporters.JUnitReportReporter -->
<testsuite hostname="LAPTOP-DO61B2MO" failures="0" tests="2" name="TestNG_NEW.Annotations_1" time="0.009" errors="0" timestamp="2022-03-24T15:30:38 IST" skipped="0">
  <testcase classname="TestNG_NEW.Annotations_1" name="TEST1" time="0.008"/>
  <system-out>
    <![CDATA[TEST CASE IS RUNNING]]>
  </system-out>
  <testcase classname="TestNG_NEW.Annotations_1" name="TEST2" time="0.001"/>
  <system-out>
    <![CDATA[TEST CASE2 IS RUNNING]]>
  </system-out>
</testsuite> <!-- TestNG_NEW.Annotations_1 -->
