<?xml version="1.0" encoding="UTF-8"?>
<!-- Generated by org.testng.reporters.JUnitReportReporter -->
<testsuite hostname="LAPTOP-DO61B2MO" failures="0" tests="1" name="Practice.Emailable1" time="0.006" errors="0" timestamp="2022-03-22T15:35:19 IST" skipped="0">
  <testcase classname="Practice.Emailable1" name="TC1" time="0.006"/>
  <system-out>
    <![CDATA[TC1 RUNNING]]>
  </system-out>
</testsuite> <!-- Practice.Emailable1 -->
