<?xml version="1.0" encoding="UTF-8"?>
<!-- Generated by org.testng.reporters.JUnitReportReporter -->
<testsuite hostname="LAPTOP-DO61B2MO" failures="0" tests="2" name="TestNG.grp_Class2" time="0.010" errors="0" timestamp="2022-04-02T15:48:40 IST" skipped="0">
  <testcase classname="TestNG.grp_Class2" name="TC1" time="0.009"/>
  <system-out>
    <![CDATA[TC1 FROM GRP 2]]>
  </system-out>
  <testcase classname="TestNG.grp_Class2" name="TC2" time="0.001"/>
  <system-out>
    <![CDATA[TC2 FROM GRP 2]]>
  </system-out>
</testsuite> <!-- TestNG.grp_Class2 -->
