<?xml version="1.0" encoding="UTF-8"?>
<!-- Generated by org.testng.reporters.JUnitReportReporter -->
<testsuite hostname="LAPTOP-DO61B2MO" failures="0" tests="1" name="TestNG_NEW.annotations" time="0.004" errors="0" timestamp="2022-04-02T15:07:54 IST" skipped="0">
  <testcase classname="TestNG_NEW.annotations" name="TC1" time="0.004"/>
  <system-out/>
</testsuite> <!-- TestNG_NEW.annotations -->
