<?xml version="1.0" encoding="UTF-8"?>
<!-- Generated by org.testng.reporters.JUnitReportReporter -->
<testsuite hostname="LAPTOP-DO61B2MO" failures="0" tests="4" name="Practice.Keyword_priority" time="0.009" errors="0" timestamp="2022-03-22T15:47:30 IST" skipped="0">
  <testcase classname="Practice.Keyword_priority" name="TC3" time="0.007"/>
  <system-out>
    <![CDATA[TC3 IS RUNNING]]>
  </system-out>
  <testcase classname="Practice.Keyword_priority" name="TC2" time="0.001"/>
  <system-out>
    <![CDATA[TC2 IS RUNNING]]>
  </system-out>
  <testcase classname="Practice.Keyword_priority" name="TC4" time="0.001"/>
  <system-out>
    <![CDATA[TC4 IS RUNNING]]>
  </system-out>
  <testcase classname="Practice.Keyword_priority" name="TC1" time="0.000"/>
  <system-out>
    <![CDATA[TC1 IS RUNNING]]>
  </system-out>
</testsuite> <!-- Practice.Keyword_priority -->
