<?xml version="1.0" encoding="UTF-8"?>
<!-- Generated by org.testng.reporters.JUnitReportReporter -->
<testsuite hostname="LAPTOP-DO61B2MO" failures="0" tests="2" name="TestNG.enabled" time="0.006" errors="0" timestamp="2022-04-02T15:24:35 IST" skipped="1">
  <testcase classname="TestNG.enabled" name="TC2" time="0.006"/>
  <system-out/>
  <testcase classname="TestNG.enabled" name="TC1">
    <skipped/>
  </testcase> <!-- TC1 -->
  <system-out/>
</testsuite> <!-- TestNG.enabled -->
