<?xml version="1.0" encoding="UTF-8"?>
<!-- Generated by org.testng.reporters.JUnitReportReporter -->
<testsuite hostname="LAPTOP-DO61B2MO" failures="0" tests="2" name="Practice.depends_1" time="0.012" errors="0" timestamp="2022-03-22T16:01:52 IST" skipped="0">
  <testcase classname="Practice.depends_1" name="TEST1" time="0.000"/>
  <system-out>
    <![CDATA[test1 is running]]>
  </system-out>
  <testcase classname="Practice.depends_1" name="TEST2" time="0.012"/>
  <system-out>
    <![CDATA[test2 is running]]>
  </system-out>
</testsuite> <!-- Practice.depends_1 -->
