<?xml version="1.0" encoding="UTF-8"?>
<!-- Generated by org.testng.reporters.JUnitReportReporter -->
<testsuite hostname="LAPTOP-DO61B2MO" failures="0" tests="2" name="TestNG_NEW.Parallel_Parameter" time="3.576" errors="0" timestamp="2022-03-27T01:58:48 IST" skipped="0">
  <testcase classname="TestNG_NEW.Parallel_Parameter" name="parallel" time="1.272"/>
  <system-out/>
  <testcase classname="TestNG_NEW.Parallel_Parameter" name="parallel" time="2.304"/>
  <system-out/>
</testsuite> <!-- TestNG_NEW.Parallel_Parameter -->
