<?xml version="1.0" encoding="UTF-8"?>
<!-- Generated by org.testng.reporters.JUnitReportReporter -->
<testsuite hostname="LAPTOP-DO61B2MO" failures="0" tests="1" name="Practice.Failed_1" time="0.006" errors="0" timestamp="2022-03-26T16:54:33 IST" skipped="0">
  <testcase classname="Practice.Failed_1" name="m5" time="0.006"/>
  <system-out>
    <![CDATA[Run]]>
  </system-out>
</testsuite> <!-- Practice.Failed_1 -->
