<?xml version="1.0" encoding="UTF-8"?>
<!-- Generated by org.testng.reporters.JUnitReportReporter -->
<testsuite hostname="LAPTOP-DO61B2MO" failures="0" tests="2" name="Practice.pa1" time="13.988" errors="0" timestamp="2022-03-23T14:21:16 IST" skipped="0">
  <testcase classname="Practice.pa1" name="TC1" time="9.392"/>
  <system-out/>
  <testcase classname="Practice.pa1" name="TC2" time="4.596"/>
  <system-out/>
</testsuite> <!-- Practice.pa1 -->
