<?xml version="1.0" encoding="UTF-8"?>
<!-- Generated by org.testng.reporters.JUnitReportReporter -->
<testsuite hostname="LAPTOP-DO61B2MO" failures="0" tests="2" name="Practice.xml1" time="0.005" errors="0" timestamp="2022-03-22T16:07:08 IST" skipped="0">
  <testcase classname="Practice.xml1" name="TEST1" time="0.005"/>
  <system-out>
    <![CDATA[TEST 1 IS RUNNING]]>
  </system-out>
  <testcase classname="Practice.xml1" name="TEST2" time="0.000"/>
  <system-out>
    <![CDATA[TEST 2 IS RUNNING]]>
  </system-out>
</testsuite> <!-- Practice.xml1 -->
