<?xml version="1.0" encoding="UTF-8"?>
<!-- Generated by org.testng.reporters.JUnitReportReporter -->
<testsuite hostname="LAPTOP-DO61B2MO" failures="0" tests="1" name="Practice.PARALLLE" time="18.356" errors="0" timestamp="2022-03-25T17:51:37 IST" skipped="0">
  <testcase classname="Practice.PARALLLE" name="parallel" time="18.356"/>
  <system-out/>
</testsuite> <!-- Practice.PARALLLE -->
