<?xml version="1.0" encoding="UTF-8"?>
<!-- Generated by org.testng.reporters.JUnitReportReporter -->
<testsuite hostname="LAPTOP-DO61B2MO" failures="0" tests="1" name="TestNG.Assert_Not_Null1" time="0.013" errors="0" timestamp="2022-03-18T20:32:19 IST" skipped="0">
  <testcase classname="TestNG.Assert_Not_Null1" name="m1" time="0.013"/>
  <system-out/>
</testsuite> <!-- TestNG.Assert_Not_Null1 -->
