<?xml version="1.0" encoding="UTF-8"?>
<!-- Generated by org.testng.reporters.JUnitReportReporter -->
<testsuite hostname="LAPTOP-DO61B2MO" failures="0" tests="2" name="TestNG.Keyword_enabled" time="0.006" errors="0" timestamp="2022-03-18T20:52:18 IST" skipped="1">
  <testcase classname="TestNG.Keyword_enabled" name="TC2" time="0.006"/>
  <system-out>
    <![CDATA[Test Case2 iS Running]]>
  </system-out>
  <testcase classname="TestNG.Keyword_enabled" name="TC1">
    <skipped/>
  </testcase> <!-- TC1 -->
  <system-out/>
</testsuite> <!-- TestNG.Keyword_enabled -->
