<?xml version="1.0" encoding="UTF-8"?>
<!-- Generated by org.testng.reporters.JUnitReportReporter -->
<testsuite hostname="LAPTOP-DO61B2MO" failures="0" tests="2" name="Practice.Emnabled" time="0.000" errors="0" timestamp="2022-03-20T23:47:58 IST" skipped="1">
  <testcase classname="Practice.Emnabled" name="m2" time="0.000"/>
  <system-out>
    <![CDATA[Run]]>
  </system-out>
  <testcase classname="Practice.Emnabled" name="m1">
    <skipped/>
  </testcase> <!-- m1 -->
  <system-out/>
</testsuite> <!-- Practice.Emnabled -->
