<?xml version="1.0" encoding="UTF-8"?>
<!-- Generated by org.testng.reporters.JUnitReportReporter -->
<testsuite hostname="LAPTOP-DO61B2MO" failures="0" tests="1" name="TestNG.Annotations_1" time="0.004" errors="0" timestamp="2022-03-22T15:41:52 IST" skipped="0">
  <testcase classname="TestNG.Annotations_1" name="TC3" time="0.004"/>
  <system-out>
    <![CDATA[TC3 RUNNING]]>
  </system-out>
</testsuite> <!-- TestNG.Annotations_1 -->
