<?xml version="1.0" encoding="UTF-8"?>
<!-- Generated by org.testng.reporters.JUnitReportReporter -->
<testsuite hostname="LAPTOP-DO61B2MO" failures="0" tests="3" name="TestNG_NEW.order_of_running" time="0.007" errors="0" timestamp="2022-03-24T13:24:30 IST" skipped="0">
  <testcase classname="TestNG_NEW.order_of_running" name="navigateto_url" time="0.001"/>
  <system-out/>
  <testcase classname="TestNG_NEW.order_of_running" name="homepage" time="0.006"/>
  <system-out/>
  <testcase classname="TestNG_NEW.order_of_running" name="login" time="0.000"/>
  <system-out/>
</testsuite> <!-- TestNG_NEW.order_of_running -->
