<?xml version="1.0" encoding="UTF-8"?>
<!-- Generated by org.testng.reporters.JUnitReportReporter -->
<testsuite hostname="LAPTOP-DO61B2MO" failures="0" tests="1" name="TestNG.Parallel_Tests$Parallel_1" time="3.309" errors="0" timestamp="2022-03-27T11:24:04 IST" skipped="0">
  <testcase classname="TestNG.Parallel_Tests$Parallel_1" name="facebook" time="3.309"/>
  <system-out/>
</testsuite> <!-- TestNG.Parallel_Tests$Parallel_1 -->
