<?xml version="1.0" encoding="UTF-8"?>
<!-- Generated by org.testng.reporters.JUnitReportReporter -->
<testsuite hostname="LAPTOP-DO61B2MO" failures="0" tests="1" name="TestNG.Paralle_2" time="7.531" errors="0" timestamp="2022-03-23T19:48:03 IST" skipped="0">
  <testcase classname="TestNG.Paralle_2" name="facebook" time="7.531"/>
  <system-out/>
</testsuite> <!-- TestNG.Paralle_2 -->
