<?xml version="1.0" encoding="UTF-8"?>
<!-- Generated by org.testng.reporters.JUnitReportReporter -->
<testsuite hostname="LAPTOP-DO61B2MO" failures="0" tests="1" name="Practice.disable" time="0.005" errors="0" timestamp="2022-03-22T16:29:51 IST" skipped="0">
  <testcase classname="Practice.disable" name="TC2" time="0.005"/>
  <system-out>
    <![CDATA[TEST 2 IS RUNNING]]>
  </system-out>
</testsuite> <!-- Practice.disable -->
