<?xml version="1.0" encoding="UTF-8"?>
<!-- Generated by org.testng.reporters.JUnitReportReporter -->
<testsuite hostname="LAPTOP-DO61B2MO" failures="0" tests="3" name="Practice.Grp1" time="0.001" errors="0" timestamp="2022-03-26T18:59:36 IST" skipped="0">
  <testcase classname="Practice.Grp1" name="TC1" time="0.001"/>
  <system-out>
    <![CDATA[TC 1 IS RUNNING]]>
  </system-out>
  <testcase classname="Practice.Grp1" name="TC3" time="0.000"/>
  <system-out>
    <![CDATA[TC 3 IS RUNNING]]>
  </system-out>
  <testcase classname="Practice.Grp1" name="TC2" time="0.000"/>
  <system-out>
    <![CDATA[TC 2 IS RUNNING]]>
  </system-out>
</testsuite> <!-- Practice.Grp1 -->
