<?xml version="1.0" encoding="UTF-8"?>
<!-- Generated by org.testng.reporters.JUnitReportReporter -->
<testsuite hostname="LAPTOP-DO61B2MO" failures="0" tests="1" name="POM_DDF_MOCK.Test_Class" time="8.295" errors="0" timestamp="2022-03-25T20:49:58 IST" skipped="0">
  <testcase classname="POM_DDF_MOCK.Test_Class" name="verify_user_name" time="8.295"/>
  <system-out/>
</testsuite> <!-- POM_DDF_MOCK.Test_Class -->
