<?xml version="1.0" encoding="UTF-8"?>
<!-- Generated by org.testng.reporters.JUnitReportReporter -->
<testsuite hostname="LAPTOP-DO61B2MO" failures="0" tests="14" name="TestNG_NEW.Invocatuioncount" time="0.015" errors="0" timestamp="2022-03-26T15:33:05 IST" skipped="0">
  <testcase classname="TestNG_NEW.Invocatuioncount" name="TC4" time="0.001"/>
  <system-out>
    <![CDATA[TC4 IS RUNNING]]>
  </system-out>
  <testcase classname="TestNG_NEW.Invocatuioncount" name="TC2" time="0.000"/>
  <system-out>
    <![CDATA[TC2 IS RUNNING]]>
  </system-out>
  <testcase classname="TestNG_NEW.Invocatuioncount" name="TC1" time="0.007"/>
  <system-out>
    <![CDATA[TC1 IS RUNNING]]>
  </system-out>
  <testcase classname="TestNG_NEW.Invocatuioncount" name="TC1" time="0.001"/>
  <system-out>
    <![CDATA[TC1 IS RUNNING]]>
  </system-out>
  <testcase classname="TestNG_NEW.Invocatuioncount" name="TC2" time="0.000"/>
  <system-out>
    <![CDATA[TC2 IS RUNNING]]>
  </system-out>
  <testcase classname="TestNG_NEW.Invocatuioncount" name="TC3" time="0.000"/>
  <system-out>
    <![CDATA[TC3 IS RUNNING]]>
  </system-out>
  <testcase classname="TestNG_NEW.Invocatuioncount" name="TC1" time="0.001"/>
  <system-out>
    <![CDATA[TC1 IS RUNNING]]>
  </system-out>
  <testcase classname="TestNG_NEW.Invocatuioncount" name="TC1" time="0.001"/>
  <system-out>
    <![CDATA[TC1 IS RUNNING]]>
  </system-out>
  <testcase classname="TestNG_NEW.Invocatuioncount" name="TC3" time="0.000"/>
  <system-out>
    <![CDATA[TC3 IS RUNNING]]>
  </system-out>
  <testcase classname="TestNG_NEW.Invocatuioncount" name="TC2" time="0.001"/>
  <system-out>
    <![CDATA[TC2 IS RUNNING]]>
  </system-out>
  <testcase classname="TestNG_NEW.Invocatuioncount" name="TC3" time="0.001"/>
  <system-out>
    <![CDATA[TC3 IS RUNNING]]>
  </system-out>
  <testcase classname="TestNG_NEW.Invocatuioncount" name="TC1" time="0.000"/>
  <system-out>
    <![CDATA[TC1 IS RUNNING]]>
  </system-out>
  <testcase classname="TestNG_NEW.Invocatuioncount" name="TC2" time="0.001"/>
  <system-out>
    <![CDATA[TC2 IS RUNNING]]>
  </system-out>
  <testcase classname="TestNG_NEW.Invocatuioncount" name="TC4" time="0.001"/>
  <system-out>
    <![CDATA[TC4 IS RUNNING]]>
  </system-out>
</testsuite> <!-- TestNG_NEW.Invocatuioncount -->
