<?xml version="1.0" encoding="UTF-8"?>
<!-- Generated by org.testng.reporters.JUnitReportReporter -->
<testsuite hostname="LAPTOP-DO61B2MO" failures="0" tests="1" name="Assert_Class.Assert_Not_Equals" time="0.006" errors="0" timestamp="2022-03-18T20:20:32 IST" skipped="0">
  <testcase classname="Assert_Class.Assert_Not_Equals" name="asssertEquals" time="0.006"/>
  <system-out/>
</testsuite> <!-- Assert_Class.Assert_Not_Equals -->
