<?xml version="1.0" encoding="UTF-8"?>
<!-- Generated by org.testng.reporters.JUnitReportReporter -->
<testsuite hostname="LAPTOP-DO61B2MO" failures="0" tests="5" name="Practice.keyword_practice" time="30.246" errors="0" timestamp="2022-03-20T00:04:52 IST" skipped="0">
  <testcase classname="Practice.keyword_practice" name="scrn" time="6.509"/>
  <system-out/>
  <testcase classname="Practice.keyword_practice" name="scrn" time="4.967"/>
  <system-out/>
  <testcase classname="Practice.keyword_practice" name="scrn" time="6.084"/>
  <system-out/>
  <testcase classname="Practice.keyword_practice" name="scrn" time="7.019"/>
  <system-out/>
  <testcase classname="Practice.keyword_practice" name="scrn" time="5.667"/>
  <system-out/>
</testsuite> <!-- Practice.keyword_practice -->
