<?xml version="1.0" encoding="UTF-8"?>
<!-- Generated by org.testng.reporters.JUnitReportReporter -->
<testsuite hostname="LAPTOP-DO61B2MO" failures="0" tests="1" name="TestNG_NEW.dependsOnAnotherClass" time="0.000" errors="0" timestamp="2022-03-26T16:46:38 IST" skipped="1">
  <testcase classname="TestNG_NEW.dependsOnAnotherClass" name="login1" time="0.000">
    <skipped/>
  </testcase> <!-- login1 -->
  <system-out/>
</testsuite> <!-- TestNG_NEW.dependsOnAnotherClass -->
