<?xml version="1.0" encoding="UTF-8"?>
<!-- Generated by org.testng.reporters.JUnitReportReporter -->
<testsuite hostname="LAPTOP-DO61B2MO" failures="0" tests="2" name="TestNG.mult_browsers" time="12.365" errors="0" timestamp="2022-04-02T16:03:58 IST" skipped="0">
  <testcase classname="TestNG.mult_browsers" name="EDGE" time="8.644"/>
  <system-out>
    <![CDATA[This is Edge Driver Running]]>
  </system-out>
  <testcase classname="TestNG.mult_browsers" name="CHROME" time="3.721"/>
  <system-out>
    <![CDATA[THIS IS CHROME BROWSER RUNNING]]>
  </system-out>
</testsuite> <!-- TestNG.mult_browsers -->
