<?xml version="1.0" encoding="UTF-8"?>
<!-- Generated by org.testng.reporters.JUnitReportReporter -->
<testsuite hostname="LAPTOP-DO61B2MO" failures="0" tests="1" name="TestNG.Timeout" time="5.013" errors="0" timestamp="2022-04-02T15:26:34 IST" skipped="0">
  <testcase classname="TestNG.Timeout" name="TC1" time="5.013"/>
  <system-out/>
</testsuite> <!-- TestNG.Timeout -->
