<?xml version="1.0" encoding="UTF-8"?>
<!-- Generated by org.testng.reporters.JUnitReportReporter -->
<testsuite hostname="LAPTOP-DO61B2MO" failures="0" tests="6" name="TestNG.Grouping_1" time="0.005" errors="0" timestamp="2022-03-26T18:59:36 IST" skipped="0">
  <testcase classname="TestNG.Grouping_1" name="m2" time="0.001"/>
  <system-out>
    <![CDATA[Run]]>
  </system-out>
  <testcase classname="TestNG.Grouping_1" name="m6" time="0.001"/>
  <system-out>
    <![CDATA[Run]]>
  </system-out>
  <testcase classname="TestNG.Grouping_1" name="m5" time="0.001"/>
  <system-out>
    <![CDATA[Run]]>
  </system-out>
  <testcase classname="TestNG.Grouping_1" name="m7" time="0.001"/>
  <system-out>
    <![CDATA[Run]]>
  </system-out>
  <testcase classname="TestNG.Grouping_1" name="m4" time="0.000"/>
  <system-out>
    <![CDATA[Skipped]]>
  </system-out>
  <testcase classname="TestNG.Grouping_1" name="m1" time="0.001"/>
  <system-out>
    <![CDATA[Skipped]]>
  </system-out>
</testsuite> <!-- TestNG.Grouping_1 -->
