<?xml version="1.0" encoding="UTF-8"?>
<!-- Generated by org.testng.reporters.JUnitReportReporter -->
<testsuite hostname="LAPTOP-DO61B2MO" failures="0" tests="2" name="TestNG.Emailable_Report" time="0.006" errors="0" timestamp="2022-03-16T19:16:23 IST" skipped="0">
  <testcase classname="TestNG.Emailable_Report" name="TC1" time="0.004"/>
  <system-out/>
  <testcase classname="TestNG.Emailable_Report" name="TC2" time="0.002"/>
  <system-out>
    <![CDATA[Test 2 Running]]>
  </system-out>
</testsuite> <!-- TestNG.Emailable_Report -->
