<?xml version="1.0" encoding="UTF-8"?>
<!-- Generated by org.testng.reporters.JUnitReportReporter -->
<testsuite hostname="LAPTOP-DO61B2MO" failures="0" tests="3" name="Practice.Enabled_1" time="0.007" errors="0" timestamp="2022-03-20T23:47:58 IST" skipped="1">
  <testcase classname="Practice.Enabled_1" name="m5" time="0.006"/>
  <system-out>
    <![CDATA[Run]]>
  </system-out>
  <testcase classname="Practice.Enabled_1" name="m6" time="0.001"/>
  <system-out>
    <![CDATA[Run]]>
  </system-out>
  <testcase classname="Practice.Enabled_1" name="m4">
    <skipped/>
  </testcase> <!-- m4 -->
  <system-out/>
</testsuite> <!-- Practice.Enabled_1 -->
