<?xml version="1.0" encoding="UTF-8"?>
<!-- Generated by org.testng.reporters.JUnitReportReporter -->
<testsuite hostname="LAPTOP-DO61B2MO" failures="0" tests="2" name="Practice.enabled_11" time="0.006" errors="0" timestamp="2022-03-22T15:53:37 IST" skipped="1">
  <testcase classname="Practice.enabled_11" name="TC1" time="0.006"/>
  <system-out>
    <![CDATA[TC 1 Running]]>
  </system-out>
  <testcase classname="Practice.enabled_11" name="TC2">
    <skipped/>
  </testcase> <!-- TC2 -->
  <system-out/>
</testsuite> <!-- Practice.enabled_11 -->
