<?xml version="1.0" encoding="UTF-8"?>
<!-- Generated by org.testng.reporters.JUnitReportReporter -->
<testsuite hostname="LAPTOP-DO61B2MO" failures="0" tests="1" name="TestNG.Parallel$Parallel_1" time="13.714" errors="0" timestamp="2022-03-23T19:48:03 IST" skipped="0">
  <testcase classname="TestNG.Parallel$Parallel_1" name="kite" time="13.714"/>
  <system-out/>
</testsuite> <!-- TestNG.Parallel$Parallel_1 -->
