<?xml version="1.0" encoding="UTF-8"?>
<!-- Generated by org.testng.reporters.JUnitReportReporter -->
<testsuite hostname="LAPTOP-DO61B2MO" failures="0" tests="5" name="Practice.GROUPIG" time="0.003" errors="0" timestamp="2022-03-26T18:59:36 IST" skipped="0">
  <testcase classname="Practice.GROUPIG" name="TC1" time="0.001"/>
  <system-out>
    <![CDATA[TC1 IS RUNNING]]>
  </system-out>
  <testcase classname="Practice.GROUPIG" name="TC4" time="0.001"/>
  <system-out>
    <![CDATA[TC4 IS RUNNING]]>
  </system-out>
  <testcase classname="Practice.GROUPIG" name="TC5" time="0.000"/>
  <system-out>
    <![CDATA[TC5 IS RUNNING]]>
  </system-out>
  <testcase classname="Practice.GROUPIG" name="TC2" time="0.001"/>
  <system-out>
    <![CDATA[TC2 IS RUNNING]]>
  </system-out>
  <testcase classname="Practice.GROUPIG" name="TC3" time="0.000"/>
  <system-out>
    <![CDATA[TC3 IS RUNNING]]>
  </system-out>
</testsuite> <!-- Practice.GROUPIG -->
