<?xml version="1.0" encoding="UTF-8"?>
<!-- Generated by org.testng.reporters.JUnitReportReporter -->
<testsuite hostname="LAPTOP-DO61B2MO" failures="0" tests="4" name="TestNG.grp" time="0.006" errors="0" timestamp="2022-04-02T15:45:03 IST" skipped="0">
  <testcase classname="TestNG.grp" name="log3" time="0.001"/>
  <system-out>
    <![CDATA[Group1 is running]]>
  </system-out>
  <testcase classname="TestNG.grp" name="log4" time="0.000"/>
  <system-out>
    <![CDATA[Group1 is running]]>
  </system-out>
  <testcase classname="TestNG.grp" name="log1" time="0.005"/>
  <system-out>
    <![CDATA[Group1 is running]]>
  </system-out>
  <testcase classname="TestNG.grp" name="log2" time="0.000"/>
  <system-out>
    <![CDATA[Group1 is running]]>
  </system-out>
</testsuite> <!-- TestNG.grp -->
