<?xml version="1.0" encoding="UTF-8"?>
<!-- Generated by org.testng.reporters.JUnitReportReporter -->
<testsuite hostname="LAPTOP-DO61B2MO" failures="0" tests="1" name="Practice.pa2" time="0.001" errors="0" timestamp="2022-03-26T18:59:36 IST" skipped="0">
  <testcase classname="Practice.pa2" name="TC1" time="0.001"/>
  <system-out>
    <![CDATA[gUDDI]]>
  </system-out>
</testsuite> <!-- Practice.pa2 -->
