<?xml version="1.0" encoding="UTF-8"?>
<!-- Generated by org.testng.reporters.JUnitReportReporter -->
<testsuite hostname="LAPTOP-DO61B2MO" failures="0" tests="1" name="TestNG.intr" time="0.005" errors="0" timestamp="2022-04-06T22:51:07 IST" skipped="0">
  <testcase classname="TestNG.intr" name="m1" time="0.005"/>
  <system-out>
    <![CDATA[Exception Handled]]>
  </system-out>
</testsuite> <!-- TestNG.intr -->
