<?xml version="1.0" encoding="UTF-8"?>
<!-- Generated by org.testng.reporters.JUnitReportReporter -->
<testsuite hostname="LAPTOP-DO61B2MO" failures="0" tests="3" name="TestNG_NEW.DependsOnGroups" time="0.006" errors="0" timestamp="2022-03-26T19:00:49 IST" skipped="0">
  <testcase classname="TestNG_NEW.DependsOnGroups" name="openbrowser1" time="0.001"/>
  <system-out>
    <![CDATA[TC1 IS RUNNING]]>
  </system-out>
  <testcase classname="TestNG_NEW.DependsOnGroups" name="TC31" time="0.005"/>
  <system-out>
    <![CDATA[TC3 IS RUNNING]]>
  </system-out>
  <testcase classname="TestNG_NEW.DependsOnGroups" name="login1" time="0.000"/>
  <system-out>
    <![CDATA[login is RUNNING]]>
  </system-out>
</testsuite> <!-- TestNG_NEW.DependsOnGroups -->
