<?xml version="1.0" encoding="UTF-8"?>
<!-- Generated by org.testng.reporters.JUnitReportReporter -->
<testsuite hostname="LAPTOP-DO61B2MO" failures="0" tests="4" name="Practice.Keywords_invocation" time="0.007" errors="0" timestamp="2022-03-22T15:43:30 IST" skipped="0">
  <testcase classname="Practice.Keywords_invocation" name="Test1" time="0.001"/>
  <system-out>
    <![CDATA[Bhagyashree is CLEVER]]>
  </system-out>
  <testcase classname="Practice.Keywords_invocation" name="Test1" time="0.000"/>
  <system-out>
    <![CDATA[Bhagyashree is CLEVER]]>
  </system-out>
  <testcase classname="Practice.Keywords_invocation" name="Test1" time="0.005"/>
  <system-out>
    <![CDATA[Bhagyashree is CLEVER]]>
  </system-out>
  <testcase classname="Practice.Keywords_invocation" name="Test1" time="0.001"/>
  <system-out>
    <![CDATA[Bhagyashree is CLEVER]]>
  </system-out>
</testsuite> <!-- Practice.Keywords_invocation -->
