<?xml version="1.0" encoding="UTF-8"?>
<!-- Generated by org.testng.reporters.JUnitReportReporter -->
<testsuite hostname="LAPTOP-DO61B2MO" failures="0" tests="5" name="TestNG.Keywords_1" time="0.008" errors="0" timestamp="2022-03-17T19:08:31 IST" skipped="0">
  <testcase classname="TestNG.Keywords_1" name="TC1" time="0.000"/>
  <system-out>
    <![CDATA[Test Case iS Running]]>
  </system-out>
  <testcase classname="TestNG.Keywords_1" name="TC1" time="0.000"/>
  <system-out>
    <![CDATA[Test Case iS Running]]>
  </system-out>
  <testcase classname="TestNG.Keywords_1" name="TC1" time="0.001"/>
  <system-out>
    <![CDATA[Test Case iS Running]]>
  </system-out>
  <testcase classname="TestNG.Keywords_1" name="TC1" time="0.007"/>
  <system-out>
    <![CDATA[Test Case iS Running]]>
  </system-out>
  <testcase classname="TestNG.Keywords_1" name="TC1" time="0.000"/>
  <system-out>
    <![CDATA[Test Case iS Running]]>
  </system-out>
</testsuite> <!-- TestNG.Keywords_1 -->
