<?xml version="1.0" encoding="UTF-8"?>
<!-- Generated by org.testng.reporters.JUnitReportReporter -->
<testsuite hostname="LAPTOP-DO61B2MO" failures="0" tests="2" name="TestNG_NEW.Groups" time="0.006" errors="0" timestamp="2022-03-26T21:35:07 IST" skipped="0">
  <testcase classname="TestNG_NEW.Groups" name="openbrowser" time="0.000"/>
  <system-out>
    <![CDATA[TC1 IS RUNNING]]>
  </system-out>
  <testcase classname="TestNG_NEW.Groups" name="login" time="0.006"/>
  <system-out>
    <![CDATA[login is RUNNING]]>
  </system-out>
</testsuite> <!-- TestNG_NEW.Groups -->
