<?xml version="1.0" encoding="UTF-8"?>
<!-- Generated by org.testng.reporters.JUnitReportReporter -->
<testsuite hostname="LAPTOP-DO61B2MO" failures="0" tests="3" name="TestNG_NEW.Reporter_Class" time="0.007" errors="0" timestamp="2022-03-24T13:43:45 IST" skipped="0">
  <testcase classname="TestNG_NEW.Reporter_Class" name="login" time="0.007"/>
  <system-out>
    <![CDATA[Shree]]>
  </system-out>
  <testcase classname="TestNG_NEW.Reporter_Class" name="navigateto_url" time="0.000"/>
  <system-out/>
  <testcase classname="TestNG_NEW.Reporter_Class" name="homepage" time="0.000"/>
  <system-out>
    <![CDATA[Hi]]>
  </system-out>
</testsuite> <!-- TestNG_NEW.Reporter_Class -->
