<?xml version="1.0" encoding="UTF-8"?>
<!-- Generated by org.testng.reporters.JUnitReportReporter -->
<testsuite hostname="LAPTOP-DO61B2MO" failures="0" tests="1" name="POM_DDF_TESTNG_.Test_Class" time="4.410" errors="0" timestamp="2022-03-26T20:07:41 IST" skipped="0">
  <testcase classname="POM_DDF_TESTNG_.Test_Class" name="verifyuserid" time="4.410"/>
  <system-out/>
</testsuite> <!-- POM_DDF_TESTNG_.Test_Class -->
