<?xml version="1.0" encoding="UTF-8"?>
<!-- Generated by org.testng.reporters.JUnitReportReporter -->
<testsuite hostname="LAPTOP-DO61B2MO" failures="0" tests="1" name="TestNG.TestNg_test1" time="8.293" errors="0" timestamp="2022-03-16T18:33:03 IST" skipped="0">
  <testcase classname="TestNG.TestNg_test1" name="open" time="8.293"/>
  <system-out/>
</testsuite> <!-- TestNG.TestNg_test1 -->
