<?xml version="1.0" encoding="UTF-8"?>
<!-- Generated by org.testng.reporters.JUnitReportReporter -->
<testsuite hostname="LAPTOP-DO61B2MO" failures="0" tests="1" name="Practice.Anno" time="0.005" errors="0" timestamp="2022-03-22T15:40:08 IST" skipped="0">
  <testcase classname="Practice.Anno" name="TC3" time="0.005"/>
  <system-out>
    <![CDATA[TC3 RUNNING]]>
  </system-out>
</testsuite> <!-- Practice.Anno -->
