<?xml version="1.0" encoding="UTF-8"?>
<!-- Generated by org.testng.reporters.JUnitReportReporter -->
<testsuite hostname="LAPTOP-DO61B2MO" failures="0" tests="1" name="TestNG_NEW.Basic_Test_Case" time="0.006" errors="0" timestamp="2022-03-24T15:27:43 IST" skipped="0">
  <testcase classname="TestNG_NEW.Basic_Test_Case" name="TC1" time="0.006"/>
  <system-out/>
</testsuite> <!-- TestNG_NEW.Basic_Test_Case -->
